<?xml version="1.0" encoding="UTF-8"?>
<testng-results skipped="0" failed="0" total="1" passed="1">
  <reporter-output>
  </reporter-output>
  <suite name="Default suite" duration-ms="39" started-at="2019-10-07T16:41:05Z" finished-at="2019-10-07T16:41:05Z">
    <groups>
    </groups>
    <test name="Default test" duration-ms="39" started-at="2019-10-07T16:41:05Z" finished-at="2019-10-07T16:41:05Z">
      <class name="testing.Base">
        <test-method status="PASS" signature="test()[pri:0, instance:testing.Base@153f5a29]" name="test" duration-ms="11" started-at="2019-10-07T08:41:05Z" finished-at="2019-10-07T08:41:05Z">
          <reporter-output>
          </reporter-output>
        </test-method> <!-- test -->
      </class> <!-- testing.Base -->
    </test> <!-- Default test -->
  </suite> <!-- Default suite -->
</testng-results>
